2020-04-17 20:02:16.571  INFO 22184 --- [restartedMain] c.v.v.VAcademyBackendApplication         : Starting VAcademyBackendApplication on ArunKumarPC with PID 22184 (C:\Users\aruns\Desktop\V-Academy Backend\target\classes started by aruns in C:\Users\aruns\Desktop\V-Academy Backend)
2020-04-17 20:02:16.575  INFO 22184 --- [restartedMain] c.v.v.VAcademyBackendApplication         : No active profile set, falling back to default profiles: default
2020-04-17 20:02:16.632  INFO 22184 --- [restartedMain] o.s.b.devtools.restart.ChangeableUrls    : The Class-Path manifest attribute in C:\Users\aruns\.m2\repository\org\glassfish\jaxb\jaxb-runtime\2.3.2\jaxb-runtime-2.3.2.jar referenced one or more files that do not exist: file:/C:/Users/aruns/.m2/repository/org/glassfish/jaxb/jaxb-runtime/2.3.2/jakarta.xml.bind-api-2.3.2.jar,file:/C:/Users/aruns/.m2/repository/org/glassfish/jaxb/jaxb-runtime/2.3.2/txw2-2.3.2.jar,file:/C:/Users/aruns/.m2/repository/org/glassfish/jaxb/jaxb-runtime/2.3.2/istack-commons-runtime-3.0.8.jar,file:/C:/Users/aruns/.m2/repository/org/glassfish/jaxb/jaxb-runtime/2.3.2/stax-ex-1.8.1.jar,file:/C:/Users/aruns/.m2/repository/org/glassfish/jaxb/jaxb-runtime/2.3.2/FastInfoset-1.2.16.jar,file:/C:/Users/aruns/.m2/repository/org/glassfish/jaxb/jaxb-runtime/2.3.2/jakarta.activation-api-1.2.1.jar
2020-04-17 20:02:16.634  INFO 22184 --- [restartedMain] .e.DevToolsPropertyDefaultsPostProcessor : Devtools property defaults active! Set 'spring.devtools.add-properties' to 'false' to disable
2020-04-17 20:02:16.635  INFO 22184 --- [restartedMain] .e.DevToolsPropertyDefaultsPostProcessor : For additional web related logging consider setting the 'logging.level.web' property to 'DEBUG'
2020-04-17 20:02:17.421  INFO 22184 --- [restartedMain] .s.d.r.c.RepositoryConfigurationDelegate : Bootstrapping Spring Data JPA repositories in DEFAULT mode.
2020-04-17 20:02:17.491  INFO 22184 --- [restartedMain] .s.d.r.c.RepositoryConfigurationDelegate : Finished Spring Data repository scanning in 57ms. Found 3 JPA repository interfaces.
2020-04-17 20:02:17.831  INFO 22184 --- [restartedMain] trationDelegate$BeanPostProcessorChecker : Bean 'org.springframework.security.config.annotation.configuration.ObjectPostProcessorConfiguration' of type [org.springframework.security.config.annotation.configuration.ObjectPostProcessorConfiguration] is not eligible for getting processed by all BeanPostProcessors (for example: not eligible for auto-proxying)
2020-04-17 20:02:17.834  INFO 22184 --- [restartedMain] trationDelegate$BeanPostProcessorChecker : Bean 'objectPostProcessor' of type [org.springframework.security.config.annotation.configuration.AutowireBeanFactoryObjectPostProcessor] is not eligible for getting processed by all BeanPostProcessors (for example: not eligible for auto-proxying)
2020-04-17 20:02:17.835  INFO 22184 --- [restartedMain] trationDelegate$BeanPostProcessorChecker : Bean 'org.springframework.security.access.expression.method.DefaultMethodSecurityExpressionHandler@2b0c074e' of type [org.springframework.security.access.expression.method.DefaultMethodSecurityExpressionHandler] is not eligible for getting processed by all BeanPostProcessors (for example: not eligible for auto-proxying)
2020-04-17 20:02:17.837  INFO 22184 --- [restartedMain] trationDelegate$BeanPostProcessorChecker : Bean 'org.springframework.security.config.annotation.method.configuration.GlobalMethodSecurityConfiguration' of type [org.springframework.security.config.annotation.method.configuration.GlobalMethodSecurityConfiguration] is not eligible for getting processed by all BeanPostProcessors (for example: not eligible for auto-proxying)
2020-04-17 20:02:17.838  INFO 22184 --- [restartedMain] trationDelegate$BeanPostProcessorChecker : Bean 'methodSecurityMetadataSource' of type [org.springframework.security.access.method.DelegatingMethodSecurityMetadataSource] is not eligible for getting processed by all BeanPostProcessors (for example: not eligible for auto-proxying)
2020-04-17 20:02:18.136  INFO 22184 --- [restartedMain] o.s.b.w.embedded.tomcat.TomcatWebServer  : Tomcat initialized with port(s): 8080 (http)
2020-04-17 20:02:18.142  INFO 22184 --- [restartedMain] o.apache.catalina.core.StandardService   : Starting service [Tomcat]
2020-04-17 20:02:18.145  INFO 22184 --- [restartedMain] org.apache.catalina.core.StandardEngine  : Starting Servlet engine: [Apache Tomcat/9.0.33]
2020-04-17 20:02:18.212  INFO 22184 --- [restartedMain] o.a.c.c.C.[Tomcat].[localhost].[/]       : Initializing Spring embedded WebApplicationContext
2020-04-17 20:02:18.222 DEBUG 22184 --- [restartedMain] o.s.web.context.ContextLoader            : Published root WebApplicationContext as ServletContext attribute with name [org.springframework.web.context.WebApplicationContext.ROOT]
2020-04-17 20:02:18.222  INFO 22184 --- [restartedMain] o.s.web.context.ContextLoader            : Root WebApplicationContext: initialization completed in 1587 ms
2020-04-17 20:02:18.467  INFO 22184 --- [restartedMain] o.hibernate.jpa.internal.util.LogHelper  : HHH000204: Processing PersistenceUnitInfo [name: default]
2020-04-17 20:02:18.571  INFO 22184 --- [restartedMain] org.hibernate.Version                    : HHH000412: Hibernate ORM core version 5.4.12.Final
2020-04-17 20:02:18.698  INFO 22184 --- [restartedMain] o.hibernate.annotations.common.Version   : HCANN000001: Hibernate Commons Annotations {5.1.0.Final}
2020-04-17 20:02:18.806  INFO 22184 --- [restartedMain] com.zaxxer.hikari.HikariDataSource       : HikariPool-1 - Starting...
2020-04-17 20:02:19.280  INFO 22184 --- [restartedMain] com.zaxxer.hikari.HikariDataSource       : HikariPool-1 - Start completed.
2020-04-17 20:02:19.309  INFO 22184 --- [restartedMain] org.hibernate.dialect.Dialect            : HHH000400: Using dialect: org.hibernate.dialect.MySQL8Dialect
2020-04-17 20:02:20.038  INFO 22184 --- [restartedMain] o.h.e.t.j.p.i.JtaPlatformInitiator       : HHH000490: Using JtaPlatform implementation: [org.hibernate.engine.transaction.jta.platform.internal.NoJtaPlatform]
2020-04-17 20:02:20.049  INFO 22184 --- [restartedMain] j.LocalContainerEntityManagerFactoryBean : Initialized JPA EntityManagerFactory for persistence unit 'default'
2020-04-17 20:02:20.761  WARN 22184 --- [restartedMain] JpaBaseConfiguration$JpaWebConfiguration : spring.jpa.open-in-view is enabled by default. Therefore, database queries may be performed during view rendering. Explicitly configure spring.jpa.open-in-view to disable this warning
2020-04-17 20:02:21.705 DEBUG 22184 --- [restartedMain] o.s.w.f.CommonsRequestLoggingFilter      : Filter 'requestLoggingFilter' configured for use
2020-04-17 20:02:21.833  INFO 22184 --- [restartedMain] o.s.b.d.a.OptionalLiveReloadServer       : LiveReload server is running on port 35729
2020-04-17 20:02:22.705  INFO 22184 --- [restartedMain] o.s.s.web.DefaultSecurityFilterChain     : Creating filter chain: any request, [org.springframework.security.web.context.request.async.WebAsyncManagerIntegrationFilter@42242b12, org.springframework.security.web.context.SecurityContextPersistenceFilter@1d42a032, org.springframework.security.web.header.HeaderWriterFilter@25a7204c, org.springframework.security.web.authentication.logout.LogoutFilter@5151a677, com.vacademy.vacademybackend.security.JwtRequestFilter@654ee279, org.springframework.security.web.savedrequest.RequestCacheAwareFilter@3937e8c9, org.springframework.security.web.servletapi.SecurityContextHolderAwareRequestFilter@10c1eac1, org.springframework.security.web.authentication.AnonymousAuthenticationFilter@625846cc, org.springframework.security.web.session.SessionManagementFilter@26140e77, org.springframework.security.web.access.ExceptionTranslationFilter@3a1e7a50, org.springframework.security.web.access.intercept.FilterSecurityInterceptor@42e4452f]
2020-04-17 20:02:23.106  INFO 22184 --- [restartedMain] o.s.s.concurrent.ThreadPoolTaskExecutor  : Initializing ExecutorService 'applicationTaskExecutor'
2020-04-17 20:02:23.156 DEBUG 22184 --- [restartedMain] s.w.s.m.m.a.RequestMappingHandlerAdapter : ControllerAdvice beans: 0 @ModelAttribute, 0 @InitBinder, 1 RequestBodyAdvice, 1 ResponseBodyAdvice
2020-04-17 20:02:23.279 DEBUG 22184 --- [restartedMain] s.w.s.m.m.a.RequestMappingHandlerMapping : 11 mappings in 'requestMappingHandlerMapping'
2020-04-17 20:02:23.300  INFO 22184 --- [restartedMain] o.s.b.a.w.s.WelcomePageHandlerMapping    : Adding welcome page template: index
2020-04-17 20:02:23.434 DEBUG 22184 --- [restartedMain] o.s.w.s.handler.SimpleUrlHandlerMapping  : Patterns [/webjars/**, /**] in 'resourceHandlerMapping'
2020-04-17 20:02:23.471 DEBUG 22184 --- [restartedMain] .m.m.a.ExceptionHandlerExceptionResolver : ControllerAdvice beans: 1 @ExceptionHandler, 1 ResponseBodyAdvice
2020-04-17 20:02:24.648  INFO 22184 --- [restartedMain] o.s.b.w.embedded.tomcat.TomcatWebServer  : Tomcat started on port(s): 8080 (http) with context path ''
2020-04-17 20:02:24.653  INFO 22184 --- [restartedMain] c.v.v.VAcademyBackendApplication         : Started VAcademyBackendApplication in 8.474 seconds (JVM running for 9.157)
2020-04-17 20:02:31.576  INFO 22184 --- [http-nio-8080-exec-1] o.a.c.c.C.[Tomcat].[localhost].[/]       : Initializing Spring DispatcherServlet 'dispatcherServlet'
2020-04-17 20:02:31.576  INFO 22184 --- [http-nio-8080-exec-1] o.s.web.servlet.DispatcherServlet        : Initializing Servlet 'dispatcherServlet'
2020-04-17 20:02:31.576 DEBUG 22184 --- [http-nio-8080-exec-1] o.s.web.servlet.DispatcherServlet        : Detected StandardServletMultipartResolver
2020-04-17 20:02:31.604 DEBUG 22184 --- [http-nio-8080-exec-1] o.s.web.servlet.DispatcherServlet        : enableLoggingRequestDetails='false': request parameters and headers will be masked to prevent unsafe logging of potentially sensitive data
2020-04-17 20:02:31.609  INFO 22184 --- [http-nio-8080-exec-1] o.s.web.servlet.DispatcherServlet        : Completed initialization in 33 ms
2020-04-17 20:02:32.059 DEBUG 22184 --- [http-nio-8080-exec-1] o.s.w.f.CommonsRequestLoggingFilter      : Before request [POST /login, client=0:0:0:0:0:0:0:1, user=arunsdrip, headers=[host:"localhost:8080", connection:"keep-alive", content-length:"52", accept:"application/json, text/plain, */*", dnt:"1", authorization:"Bearer eyJhbGciOiJIUzUxMiJ9.eyJzdWIiOiJhcnVuc2RyaXAiLCJleHAiOjE1ODcxNjk2NzcsImlhdCI6MTU4NzEzMzY3N30.4FGQVpBg6CeBDfoIRExs-zC3ooP5Ht_2smkb3Ns-p7OC_Yuec59jai7ccd1VW2WkxZm1HovOMEiFZ_Dl8QfpFA", user-agent:"Mozilla/5.0 (Windows NT 10.0; Win64; x64) AppleWebKit/537.36 (KHTML, like Gecko) Chrome/81.0.4044.113 Safari/537.36", origin:"http://localhost:4200", sec-fetch-site:"same-site", sec-fetch-mode:"cors", sec-fetch-dest:"empty", referer:"http://localhost:4200/admin/login", accept-encoding:"gzip, deflate, br", accept-language:"en-US,en;q=0.9,ta-IN;q=0.8,ta;q=0.7", Content-Type:"application/json;charset=UTF-8"]]
2020-04-17 20:02:32.061 DEBUG 22184 --- [http-nio-8080-exec-1] o.s.web.servlet.DispatcherServlet        : POST "/login", parameters={}
2020-04-17 20:02:32.063 DEBUG 22184 --- [http-nio-8080-exec-1] s.w.s.m.m.a.RequestMappingHandlerMapping : Mapped to com.vacademy.vacademybackend.security.JwtAuthentication#createAuthenticationToken(JwtRequestModel)
2020-04-17 20:02:32.105 DEBUG 22184 --- [http-nio-8080-exec-1] m.m.a.RequestResponseBodyMethodProcessor : Read "application/json;charset=UTF-8" to [com.vacademy.vacademybackend.model.JwtRequestModel@20c795d1]
2020-04-17 20:02:32.596 DEBUG 22184 --- [http-nio-8080-exec-1] o.s.w.s.m.m.a.HttpEntityMethodProcessor  : Using 'application/json', given [application/json, text/plain, */*] and supported [application/json, application/*+json, application/json, application/*+json]
2020-04-17 20:02:32.598 DEBUG 22184 --- [http-nio-8080-exec-1] o.s.w.s.m.m.a.HttpEntityMethodProcessor  : Writing [com.vacademy.vacademybackend.model.JwtResponseModel@4121365a]
2020-04-17 20:02:32.617 DEBUG 22184 --- [http-nio-8080-exec-1] o.s.web.servlet.DispatcherServlet        : Completed 200 OK
2020-04-17 20:02:32.621 DEBUG 22184 --- [http-nio-8080-exec-1] o.s.w.f.CommonsRequestLoggingFilter      : After request [POST /login, client=0:0:0:0:0:0:0:1, user=arunsdrip, headers=[host:"localhost:8080", connection:"keep-alive", content-length:"52", accept:"application/json, text/plain, */*", dnt:"1", authorization:"Bearer eyJhbGciOiJIUzUxMiJ9.eyJzdWIiOiJhcnVuc2RyaXAiLCJleHAiOjE1ODcxNjk2NzcsImlhdCI6MTU4NzEzMzY3N30.4FGQVpBg6CeBDfoIRExs-zC3ooP5Ht_2smkb3Ns-p7OC_Yuec59jai7ccd1VW2WkxZm1HovOMEiFZ_Dl8QfpFA", user-agent:"Mozilla/5.0 (Windows NT 10.0; Win64; x64) AppleWebKit/537.36 (KHTML, like Gecko) Chrome/81.0.4044.113 Safari/537.36", origin:"http://localhost:4200", sec-fetch-site:"same-site", sec-fetch-mode:"cors", sec-fetch-dest:"empty", referer:"http://localhost:4200/admin/login", accept-encoding:"gzip, deflate, br", accept-language:"en-US,en;q=0.9,ta-IN;q=0.8,ta;q=0.7", Content-Type:"application/json;charset=UTF-8"], payload={"username":"admin_arunsdrip","password":"12345678]
2020-04-17 20:02:32.634  WARN 22184 --- [http-nio-8080-exec-2] c.v.v.security.JwtRequestFilter          : JWT Token doesn't begin with Bearer
2020-04-17 20:02:32.634  WARN 22184 --- [http-nio-8080-exec-2] c.v.v.security.JwtRequestFilter          : null
2020-04-17 20:02:32.649 DEBUG 22184 --- [http-nio-8080-exec-2] o.s.web.servlet.DispatcherServlet        : "ERROR" dispatch for OPTIONS "/error", parameters={}
2020-04-17 20:02:32.653 DEBUG 22184 --- [http-nio-8080-exec-2] s.w.s.m.m.a.RequestMappingHandlerMapping : Mapped to org.springframework.web.servlet.handler.AbstractHandlerMethodMapping$EmptyHandler#handle()
2020-04-17 20:02:32.657 DEBUG 22184 --- [http-nio-8080-exec-2] o.s.web.servlet.DispatcherServlet        : Exiting from "ERROR" dispatch, status 401
2020-04-17 20:31:29.802  WARN 22184 --- [http-nio-8080-exec-4] c.v.v.security.JwtRequestFilter          : JWT Token doesn't begin with Bearer
2020-04-17 20:31:29.803  WARN 22184 --- [http-nio-8080-exec-4] c.v.v.security.JwtRequestFilter          : null
2020-04-17 20:31:29.805 DEBUG 22184 --- [http-nio-8080-exec-4] o.s.w.f.CommonsRequestLoggingFilter      : Before request [OPTIONS /login, client=0:0:0:0:0:0:0:1, headers=[host:"localhost:8080", connection:"keep-alive", accept:"*/*", access-control-request-method:"POST", access-control-request-headers:"authorization,content-type", origin:"http://localhost:4200", sec-fetch-mode:"cors", sec-fetch-site:"same-site", sec-fetch-dest:"empty", referer:"http://localhost:4200/admin/login", user-agent:"Mozilla/5.0 (Windows NT 10.0; Win64; x64) AppleWebKit/537.36 (KHTML, like Gecko) Chrome/81.0.4044.113 Safari/537.36", accept-encoding:"gzip, deflate, br", accept-language:"en-US,en;q=0.9,ta-IN;q=0.8,ta;q=0.7"]]
2020-04-17 20:31:29.806 DEBUG 22184 --- [http-nio-8080-exec-4] o.s.web.servlet.DispatcherServlet        : OPTIONS "/login", parameters={}
2020-04-17 20:31:29.807 DEBUG 22184 --- [http-nio-8080-exec-4] s.w.s.m.m.a.RequestMappingHandlerMapping : Mapped to com.vacademy.vacademybackend.security.JwtAuthentication#createAuthenticationToken(JwtRequestModel)
2020-04-17 20:31:29.809 DEBUG 22184 --- [http-nio-8080-exec-4] o.s.web.servlet.DispatcherServlet        : Completed 200 OK
2020-04-17 20:31:29.811 DEBUG 22184 --- [http-nio-8080-exec-4] o.s.w.f.CommonsRequestLoggingFilter      : After request [OPTIONS /login, client=0:0:0:0:0:0:0:1, headers=[host:"localhost:8080", connection:"keep-alive", accept:"*/*", access-control-request-method:"POST", access-control-request-headers:"authorization,content-type", origin:"http://localhost:4200", sec-fetch-mode:"cors", sec-fetch-site:"same-site", sec-fetch-dest:"empty", referer:"http://localhost:4200/admin/login", user-agent:"Mozilla/5.0 (Windows NT 10.0; Win64; x64) AppleWebKit/537.36 (KHTML, like Gecko) Chrome/81.0.4044.113 Safari/537.36", accept-encoding:"gzip, deflate, br", accept-language:"en-US,en;q=0.9,ta-IN;q=0.8,ta;q=0.7"]]
2020-04-17 20:31:30.057 DEBUG 22184 --- [http-nio-8080-exec-5] o.s.w.f.CommonsRequestLoggingFilter      : Before request [POST /login, client=0:0:0:0:0:0:0:1, user=arunsdrip, headers=[host:"localhost:8080", connection:"keep-alive", content-length:"52", accept:"application/json, text/plain, */*", dnt:"1", authorization:"Bearer eyJhbGciOiJIUzUxMiJ9.eyJzdWIiOiJhcnVuc2RyaXAiLCJleHAiOjE1ODcxNjk5NTIsImlhdCI6MTU4NzEzMzk1Mn0.vjk7wWVWtfkg_wjODUda8hlS1cMgeWGVBC8kg2vJWlZfOhD67CrpjyarVI1N-U8ly2Qf2W-0OlnEPiH-6XRLIw", user-agent:"Mozilla/5.0 (Windows NT 10.0; Win64; x64) AppleWebKit/537.36 (KHTML, like Gecko) Chrome/81.0.4044.113 Safari/537.36", origin:"http://localhost:4200", sec-fetch-site:"same-site", sec-fetch-mode:"cors", sec-fetch-dest:"empty", referer:"http://localhost:4200/admin/login", accept-encoding:"gzip, deflate, br", accept-language:"en-US,en;q=0.9,ta-IN;q=0.8,ta;q=0.7", Content-Type:"application/json;charset=UTF-8"]]
2020-04-17 20:31:30.057 DEBUG 22184 --- [http-nio-8080-exec-5] o.s.web.servlet.DispatcherServlet        : POST "/login", parameters={}
2020-04-17 20:31:30.057 DEBUG 22184 --- [http-nio-8080-exec-5] s.w.s.m.m.a.RequestMappingHandlerMapping : Mapped to com.vacademy.vacademybackend.security.JwtAuthentication#createAuthenticationToken(JwtRequestModel)
2020-04-17 20:31:30.063 DEBUG 22184 --- [http-nio-8080-exec-5] m.m.a.RequestResponseBodyMethodProcessor : Read "application/json;charset=UTF-8" to [com.vacademy.vacademybackend.model.JwtRequestModel@39fc0806]
2020-04-17 20:31:30.680 DEBUG 22184 --- [http-nio-8080-exec-5] o.s.w.s.m.m.a.HttpEntityMethodProcessor  : Using 'application/json', given [application/json, text/plain, */*] and supported [application/json, application/*+json, application/json, application/*+json]
2020-04-17 20:31:30.680 DEBUG 22184 --- [http-nio-8080-exec-5] o.s.w.s.m.m.a.HttpEntityMethodProcessor  : Writing [com.vacademy.vacademybackend.model.JwtResponseModel@19de813d]
2020-04-17 20:31:30.683 DEBUG 22184 --- [http-nio-8080-exec-5] o.s.web.servlet.DispatcherServlet        : Completed 200 OK
2020-04-17 20:31:30.684 DEBUG 22184 --- [http-nio-8080-exec-5] o.s.w.f.CommonsRequestLoggingFilter      : After request [POST /login, client=0:0:0:0:0:0:0:1, user=arunsdrip, headers=[host:"localhost:8080", connection:"keep-alive", content-length:"52", accept:"application/json, text/plain, */*", dnt:"1", authorization:"Bearer eyJhbGciOiJIUzUxMiJ9.eyJzdWIiOiJhcnVuc2RyaXAiLCJleHAiOjE1ODcxNjk5NTIsImlhdCI6MTU4NzEzMzk1Mn0.vjk7wWVWtfkg_wjODUda8hlS1cMgeWGVBC8kg2vJWlZfOhD67CrpjyarVI1N-U8ly2Qf2W-0OlnEPiH-6XRLIw", user-agent:"Mozilla/5.0 (Windows NT 10.0; Win64; x64) AppleWebKit/537.36 (KHTML, like Gecko) Chrome/81.0.4044.113 Safari/537.36", origin:"http://localhost:4200", sec-fetch-site:"same-site", sec-fetch-mode:"cors", sec-fetch-dest:"empty", referer:"http://localhost:4200/admin/login", accept-encoding:"gzip, deflate, br", accept-language:"en-US,en;q=0.9,ta-IN;q=0.8,ta;q=0.7", Content-Type:"application/json;charset=UTF-8"], payload={"username":"admin_arunsdrip","password":"12345678]
2020-04-17 20:31:30.692  WARN 22184 --- [http-nio-8080-exec-6] c.v.v.security.JwtRequestFilter          : JWT Token doesn't begin with Bearer
2020-04-17 20:31:30.692  WARN 22184 --- [http-nio-8080-exec-6] c.v.v.security.JwtRequestFilter          : null
2020-04-17 20:31:30.694 DEBUG 22184 --- [http-nio-8080-exec-6] o.s.web.servlet.DispatcherServlet        : "ERROR" dispatch for OPTIONS "/error", parameters={}
2020-04-17 20:31:30.695 DEBUG 22184 --- [http-nio-8080-exec-6] s.w.s.m.m.a.RequestMappingHandlerMapping : Mapped to org.springframework.web.servlet.handler.AbstractHandlerMethodMapping$EmptyHandler#handle()
2020-04-17 20:31:30.695 DEBUG 22184 --- [http-nio-8080-exec-6] o.s.web.servlet.DispatcherServlet        : Exiting from "ERROR" dispatch, status 401
2020-04-17 20:31:36.384  WARN 22184 --- [HikariPool-1 housekeeper] com.zaxxer.hikari.pool.HikariPool        : HikariPool-1 - Thread starvation or clock leap detected (housekeeper delta=20m16s843ms683µs700ns).
2020-04-17 20:35:51.153  WARN 22184 --- [http-nio-8080-exec-8] c.v.v.security.JwtRequestFilter          : JWT Token doesn't begin with Bearer
2020-04-17 20:35:51.154  WARN 22184 --- [http-nio-8080-exec-8] c.v.v.security.JwtRequestFilter          : null
2020-04-17 20:35:51.155 DEBUG 22184 --- [http-nio-8080-exec-8] o.s.w.f.CommonsRequestLoggingFilter      : Before request [POST /login, client=0:0:0:0:0:0:0:1, headers=[host:"localhost:8080", connection:"keep-alive", content-length:"52", accept:"application/json, text/plain, */*", dnt:"1", user-agent:"Mozilla/5.0 (Windows NT 10.0; Win64; x64) AppleWebKit/537.36 (KHTML, like Gecko) Chrome/81.0.4044.113 Safari/537.36", origin:"http://localhost:4200", sec-fetch-site:"same-site", sec-fetch-mode:"cors", sec-fetch-dest:"empty", referer:"http://localhost:4200/admin/login", accept-encoding:"gzip, deflate, br", accept-language:"en-US,en;q=0.9,ta-IN;q=0.8,ta;q=0.7", Content-Type:"application/json;charset=UTF-8"]]
2020-04-17 20:35:51.155 DEBUG 22184 --- [http-nio-8080-exec-8] o.s.web.servlet.DispatcherServlet        : POST "/login", parameters={}
2020-04-17 20:35:51.156 DEBUG 22184 --- [http-nio-8080-exec-8] s.w.s.m.m.a.RequestMappingHandlerMapping : Mapped to com.vacademy.vacademybackend.security.JwtAuthentication#createAuthenticationToken(JwtRequestModel)
2020-04-17 20:35:51.156 DEBUG 22184 --- [http-nio-8080-exec-8] m.m.a.RequestResponseBodyMethodProcessor : Read "application/json;charset=UTF-8" to [com.vacademy.vacademybackend.model.JwtRequestModel@4768a02a]
2020-04-17 20:35:51.989 DEBUG 22184 --- [http-nio-8080-exec-8] o.s.w.s.m.m.a.HttpEntityMethodProcessor  : Using 'application/json', given [application/json, text/plain, */*] and supported [application/json, application/*+json, application/json, application/*+json]
2020-04-17 20:35:51.989 DEBUG 22184 --- [http-nio-8080-exec-8] o.s.w.s.m.m.a.HttpEntityMethodProcessor  : Writing [com.vacademy.vacademybackend.model.JwtResponseModel@14c0ff93]
2020-04-17 20:35:52.002 DEBUG 22184 --- [http-nio-8080-exec-8] o.s.web.servlet.DispatcherServlet        : Completed 200 OK
2020-04-17 20:35:52.003 DEBUG 22184 --- [http-nio-8080-exec-8] o.s.w.f.CommonsRequestLoggingFilter      : After request [POST /login, client=0:0:0:0:0:0:0:1, headers=[host:"localhost:8080", connection:"keep-alive", content-length:"52", accept:"application/json, text/plain, */*", dnt:"1", user-agent:"Mozilla/5.0 (Windows NT 10.0; Win64; x64) AppleWebKit/537.36 (KHTML, like Gecko) Chrome/81.0.4044.113 Safari/537.36", origin:"http://localhost:4200", sec-fetch-site:"same-site", sec-fetch-mode:"cors", sec-fetch-dest:"empty", referer:"http://localhost:4200/admin/login", accept-encoding:"gzip, deflate, br", accept-language:"en-US,en;q=0.9,ta-IN;q=0.8,ta;q=0.7", Content-Type:"application/json;charset=UTF-8"], payload={"username":"admin_arunsdrip","password":"12345678]
2020-04-17 20:35:52.014  WARN 22184 --- [http-nio-8080-exec-9] c.v.v.security.JwtRequestFilter          : JWT Token doesn't begin with Bearer
2020-04-17 20:35:52.015  WARN 22184 --- [http-nio-8080-exec-9] c.v.v.security.JwtRequestFilter          : null
2020-04-17 20:35:52.016 DEBUG 22184 --- [http-nio-8080-exec-9] o.s.web.servlet.DispatcherServlet        : "ERROR" dispatch for OPTIONS "/error", parameters={}
2020-04-17 20:35:52.016 DEBUG 22184 --- [http-nio-8080-exec-9] s.w.s.m.m.a.RequestMappingHandlerMapping : Mapped to org.springframework.web.servlet.handler.AbstractHandlerMethodMapping$EmptyHandler#handle()
2020-04-17 20:35:52.016 DEBUG 22184 --- [http-nio-8080-exec-9] o.s.web.servlet.DispatcherServlet        : Exiting from "ERROR" dispatch, status 401
